[0m13:02:49.136264 [debug] [MainThread]: Sending event: {'category': 'dbt', 'action': 'invocation', 'label': 'start', 'context': [<snowplow_tracker.self_describing_json.SelfDescribingJson object at 0x00000176C103A210>, <snowplow_tracker.self_describing_json.SelfDescribingJson object at 0x00000176C1093190>, <snowplow_tracker.self_describing_json.SelfDescribingJson object at 0x00000176C1092F10>]}


============================== 13:02:49.142628 | 88342501-b2a6-4bbc-aa74-1c8381ddac6e ==============================
[0m13:02:49.142628 [info ] [MainThread]: Running with dbt=1.8.2
[0m13:02:49.143592 [debug] [MainThread]: running dbt with arguments {'printer_width': '80', 'indirect_selection': 'eager', 'write_json': 'True', 'log_cache_events': 'False', 'partial_parse': 'True', 'cache_selected_only': 'False', 'profiles_dir': 'C:\\Users\\nurul\\.dbt', 'fail_fast': 'False', 'version_check': 'True', 'log_path': 'logs', 'debug': 'False', 'warn_error': 'None', 'use_colors': 'True', 'use_experimental_parser': 'False', 'no_print': 'None', 'quiet': 'False', 'log_format': 'default', 'invocation_command': 'dbt init restaurant_review', 'warn_error_options': 'WarnErrorOptions(include=[], exclude=[])', 'static_parser': 'True', 'target_path': 'None', 'introspect': 'True', 'send_anonymous_usage_stats': 'True'}
[0m13:02:49.218930 [debug] [MainThread]: Starter project path: C:\Users\nurul\OneDrive\Desktop\JH\dbt-tutorial\dbt-env\Lib\site-packages\dbt\include\starter_project
[0m13:02:49.281758 [info ] [MainThread]: 
Your new dbt project "restaurant_review" was created!

For more information on how to configure the profiles.yml file,
please consult the dbt documentation here:

  https://docs.getdbt.com/docs/configure-your-profile

One more thing:

Need help? Don't hesitate to reach out to us via GitHub issues or on Slack:

  https://community.getdbt.com/

Happy modeling!

[0m13:02:49.284752 [info ] [MainThread]: Setting up your profile.
[0m13:06:00.089564 [info ] [MainThread]: Profile restaurant_review written to C:\Users\nurul\.dbt\profiles.yml using target's profile_template.yml and your supplied values. Run 'dbt debug' to validate the connection.
[0m13:06:00.092519 [debug] [MainThread]: Command `dbt init` succeeded at 13:06:00.092519 after 191.07 seconds
[0m13:06:00.093516 [debug] [MainThread]: Sending event: {'category': 'dbt', 'action': 'invocation', 'label': 'end', 'context': [<snowplow_tracker.self_describing_json.SelfDescribingJson object at 0x00000176BAE8C650>, <snowplow_tracker.self_describing_json.SelfDescribingJson object at 0x00000176C1079890>, <snowplow_tracker.self_describing_json.SelfDescribingJson object at 0x00000176C0153DD0>]}
[0m13:06:00.095546 [debug] [MainThread]: Flushing usage events
[0m13:27:06.852328 [debug] [MainThread]: Sending event: {'category': 'dbt', 'action': 'invocation', 'label': 'start', 'context': [<snowplow_tracker.self_describing_json.SelfDescribingJson object at 0x000001D6768FC450>, <snowplow_tracker.self_describing_json.SelfDescribingJson object at 0x000001D6768B4110>, <snowplow_tracker.self_describing_json.SelfDescribingJson object at 0x000001D6768FBCD0>]}


============================== 13:27:06.859454 | 65cd0870-8734-491a-a208-bf32a6771690 ==============================
[0m13:27:06.859454 [info ] [MainThread]: Running with dbt=1.8.2
[0m13:27:06.860050 [debug] [MainThread]: running dbt with arguments {'printer_width': '80', 'indirect_selection': 'eager', 'write_json': 'True', 'log_cache_events': 'False', 'partial_parse': 'True', 'cache_selected_only': 'False', 'warn_error': 'None', 'version_check': 'True', 'debug': 'False', 'log_path': 'logs', 'fail_fast': 'False', 'profiles_dir': 'C:\\Users\\nurul\\.dbt', 'use_colors': 'True', 'use_experimental_parser': 'False', 'no_print': 'None', 'quiet': 'False', 'log_format': 'default', 'static_parser': 'True', 'warn_error_options': 'WarnErrorOptions(include=[], exclude=[])', 'invocation_command': 'dbt debug', 'target_path': 'None', 'introspect': 'True', 'send_anonymous_usage_stats': 'True'}
[0m13:27:06.912513 [info ] [MainThread]: dbt version: 1.8.2
[0m13:27:06.912958 [info ] [MainThread]: python version: 3.11.3
[0m13:27:06.913958 [info ] [MainThread]: python path: C:\Users\nurul\OneDrive\Desktop\JH\dbt-tutorial\dbt-env\Scripts\python.exe
[0m13:27:06.913958 [info ] [MainThread]: os info: Windows-10-10.0.22631-SP0
[0m13:27:07.007081 [info ] [MainThread]: Using profiles dir at C:\Users\nurul\.dbt
[0m13:27:07.008334 [info ] [MainThread]: Using profiles.yml file at C:\Users\nurul\.dbt\profiles.yml
[0m13:27:07.009280 [info ] [MainThread]: Using dbt_project.yml file at C:\Users\nurul\OneDrive\Desktop\JH\dbt-tutorial\dbt_project.yml
[0m13:27:07.011187 [info ] [MainThread]: adapter type: postgres
[0m13:27:07.011839 [info ] [MainThread]: adapter version: 1.8.1
[0m13:27:07.012514 [info ] [MainThread]: Configuration:
[0m13:27:07.013514 [info ] [MainThread]:   profiles.yml file [[32mOK found and valid[0m]
[0m13:27:07.014328 [info ] [MainThread]:   dbt_project.yml file [[31mERROR not found[0m]
[0m13:27:07.015329 [info ] [MainThread]: Required dependencies:
[0m13:27:07.016327 [debug] [MainThread]: Executing "git --help"
[0m13:27:07.081064 [debug] [MainThread]: STDOUT: "b"usage: git [-v | --version] [-h | --help] [-C <path>] [-c <name>=<value>]\n           [--exec-path[=<path>]] [--html-path] [--man-path] [--info-path]\n           [-p | --paginate | -P | --no-pager] [--no-replace-objects] [--bare]\n           [--git-dir=<path>] [--work-tree=<path>] [--namespace=<name>]\n           [--config-env=<name>=<envvar>] <command> [<args>]\n\nThese are common Git commands used in various situations:\n\nstart a working area (see also: git help tutorial)\n   clone     Clone a repository into a new directory\n   init      Create an empty Git repository or reinitialize an existing one\n\nwork on the current change (see also: git help everyday)\n   add       Add file contents to the index\n   mv        Move or rename a file, a directory, or a symlink\n   restore   Restore working tree files\n   rm        Remove files from the working tree and from the index\n\nexamine the history and state (see also: git help revisions)\n   bisect    Use binary search to find the commit that introduced a bug\n   diff      Show changes between commits, commit and working tree, etc\n   grep      Print lines matching a pattern\n   log       Show commit logs\n   show      Show various types of objects\n   status    Show the working tree status\n\ngrow, mark and tweak your common history\n   branch    List, create, or delete branches\n   commit    Record changes to the repository\n   merge     Join two or more development histories together\n   rebase    Reapply commits on top of another base tip\n   reset     Reset current HEAD to the specified state\n   switch    Switch branches\n   tag       Create, list, delete or verify a tag object signed with GPG\n\ncollaborate (see also: git help workflows)\n   fetch     Download objects and refs from another repository\n   pull      Fetch from and integrate with another repository or a local branch\n   push      Update remote refs along with associated objects\n\n'git help -a' and 'git help -g' list available subcommands and some\nconcept guides. See 'git help <command>' or 'git help <concept>'\nto read about a specific subcommand or concept.\nSee 'git help git' for an overview of the system.\n""
[0m13:27:07.082025 [debug] [MainThread]: STDERR: "b''"
[0m13:27:07.083020 [info ] [MainThread]:  - git [[32mOK found[0m]

[0m13:27:07.084026 [info ] [MainThread]: Connection:
[0m13:27:07.084872 [info ] [MainThread]:   host: localhost
[0m13:27:07.085874 [info ] [MainThread]:   port: 5432
[0m13:27:07.087870 [info ] [MainThread]:   user: postgres
[0m13:27:07.087870 [info ] [MainThread]:   database: Foodpanda_Review
[0m13:27:07.088899 [info ] [MainThread]:   schema: public
[0m13:27:07.089863 [info ] [MainThread]:   connect_timeout: 10
[0m13:27:07.090860 [info ] [MainThread]:   role: None
[0m13:27:07.090860 [info ] [MainThread]:   search_path: None
[0m13:27:07.091857 [info ] [MainThread]:   keepalives_idle: 0
[0m13:27:07.092853 [info ] [MainThread]:   sslmode: None
[0m13:27:07.092853 [info ] [MainThread]:   sslcert: None
[0m13:27:07.094096 [info ] [MainThread]:   sslkey: None
[0m13:27:07.095097 [info ] [MainThread]:   sslrootcert: None
[0m13:27:07.095097 [info ] [MainThread]:   application_name: dbt
[0m13:27:07.096131 [info ] [MainThread]:   retries: 1
[0m13:27:07.097092 [info ] [MainThread]: Registered adapter: postgres=1.8.1
[0m13:27:07.098088 [debug] [MainThread]: Acquiring new postgres connection 'debug'
[0m13:27:09.430010 [debug] [MainThread]: Using postgres connection "debug"
[0m13:27:09.431008 [debug] [MainThread]: On debug: select 1 as id
[0m13:27:09.431008 [debug] [MainThread]: Opening a new connection, currently in state init
[0m13:27:09.530962 [debug] [MainThread]: SQL status: SELECT 1 in 0.0 seconds
[0m13:27:09.531963 [debug] [MainThread]: On debug: Close
[0m13:27:09.532961 [info ] [MainThread]:   Connection test: [[32mOK connection ok[0m]

[0m13:27:09.534596 [info ] [MainThread]: [31m1 check failed:[0m
[0m13:27:09.535596 [info ] [MainThread]: Project loading failed for the following reason:
 project path <C:\Users\nurul\OneDrive\Desktop\JH\dbt-tutorial\dbt_project.yml> not found

[0m13:27:09.538586 [debug] [MainThread]: Command `dbt debug` failed at 13:27:09.538586 after 2.78 seconds
[0m13:27:09.539583 [debug] [MainThread]: Connection 'debug' was properly closed.
[0m13:27:09.539583 [debug] [MainThread]: Sending event: {'category': 'dbt', 'action': 'invocation', 'label': 'end', 'context': [<snowplow_tracker.self_describing_json.SelfDescribingJson object at 0x000001D6768FB990>, <snowplow_tracker.self_describing_json.SelfDescribingJson object at 0x000001D6768E5A10>, <snowplow_tracker.self_describing_json.SelfDescribingJson object at 0x000001D6768A9B10>]}
[0m13:27:09.540580 [debug] [MainThread]: Flushing usage events
